{"C:\\Users\\Rahi Reyaz\\Desktop\\Code\\src\\components\\Body.js": {"path":"C:\\Users\\Rahi Reyaz\\Desktop\\Code\\src\\components\\Body.js","statementMap":{"0":{"start":{"line":8,"column":13},"end":{"line":107,"column":1}},"1":{"start":{"line":10,"column":52},"end":{"line":10,"column":64}},"2":{"start":{"line":11,"column":54},"end":{"line":11,"column":66}},"3":{"start":{"line":13,"column":38},"end":{"line":13,"column":50}},"4":{"start":{"line":15,"column":2},"end":{"line":15,"column":62}},"5":{"start":{"line":16,"column":2},"end":{"line":18,"column":9}},"6":{"start":{"line":17,"column":4},"end":{"line":17,"column":16}},"7":{"start":{"line":20,"column":20},"end":{"line":29,"column":3}},"8":{"start":{"line":21,"column":17},"end":{"line":22,"column":5}},"9":{"start":{"line":24,"column":17},"end":{"line":24,"column":34}},"10":{"start":{"line":26,"column":4},"end":{"line":26,"column":101}},"11":{"start":{"line":27,"column":4},"end":{"line":27,"column":102}},"12":{"start":{"line":30,"column":22},"end":{"line":30,"column":39}},"13":{"start":{"line":31,"column":2},"end":{"line":34,"column":7}},"14":{"start":{"line":32,"column":6},"end":{"line":34,"column":7}},"15":{"start":{"line":38,"column":2},"end":{"line":106,"column":4}},"16":{"start":{"line":52,"column":14},"end":{"line":52,"column":44}},"17":{"start":{"line":62,"column":41},"end":{"line":64,"column":15}},"18":{"start":{"line":63,"column":16},"end":{"line":63,"column":78}},"19":{"start":{"line":66,"column":14},"end":{"line":66,"column":56}},"20":{"start":{"line":77,"column":35},"end":{"line":79,"column":15}},"21":{"start":{"line":78,"column":25},"end":{"line":78,"column":61}},"22":{"start":{"line":81,"column":14},"end":{"line":81,"column":50}},"23":{"start":{"line":93,"column":10},"end":{"line":102,"column":17}}},"fnMap":{"0":{"name":"(anonymous_0)","decl":{"start":{"line":8,"column":13},"end":{"line":8,"column":14}},"loc":{"start":{"line":8,"column":19},"end":{"line":107,"column":1}},"line":8},"1":{"name":"(anonymous_1)","decl":{"start":{"line":16,"column":12},"end":{"line":16,"column":13}},"loc":{"start":{"line":16,"column":18},"end":{"line":18,"column":3}},"line":16},"2":{"name":"(anonymous_2)","decl":{"start":{"line":20,"column":20},"end":{"line":20,"column":21}},"loc":{"start":{"line":20,"column":32},"end":{"line":29,"column":3}},"line":20},"3":{"name":"(anonymous_3)","decl":{"start":{"line":51,"column":22},"end":{"line":51,"column":23}},"loc":{"start":{"line":51,"column":29},"end":{"line":53,"column":13}},"line":51},"4":{"name":"(anonymous_4)","decl":{"start":{"line":57,"column":21},"end":{"line":57,"column":22}},"loc":{"start":{"line":57,"column":27},"end":{"line":67,"column":13}},"line":57},"5":{"name":"(anonymous_5)","decl":{"start":{"line":62,"column":66},"end":{"line":62,"column":67}},"loc":{"start":{"line":63,"column":16},"end":{"line":63,"column":78}},"line":63},"6":{"name":"(anonymous_6)","decl":{"start":{"line":75,"column":21},"end":{"line":75,"column":22}},"loc":{"start":{"line":75,"column":27},"end":{"line":83,"column":13}},"line":75},"7":{"name":"(anonymous_7)","decl":{"start":{"line":78,"column":16},"end":{"line":78,"column":17}},"loc":{"start":{"line":78,"column":25},"end":{"line":78,"column":61}},"line":78},"8":{"name":"(anonymous_8)","decl":{"start":{"line":92,"column":32},"end":{"line":92,"column":33}},"loc":{"start":{"line":93,"column":10},"end":{"line":102,"column":17}},"line":93}},"branchMap":{"0":{"loc":{"start":{"line":31,"column":2},"end":{"line":34,"column":7}},"type":"if","locations":[{"start":{"line":31,"column":2},"end":{"line":34,"column":7}},{"start":{},"end":{}}],"line":31},"1":{"loc":{"start":{"line":38,"column":9},"end":{"line":106,"column":3}},"type":"cond-expr","locations":[{"start":{"line":39,"column":4},"end":{"line":39,"column":15}},{"start":{"line":41,"column":4},"end":{"line":105,"column":10}}],"line":38}},"s":{"0":1,"1":7,"2":7,"3":7,"4":7,"5":7,"6":2,"7":7,"8":2,"9":2,"10":2,"11":2,"12":7,"13":7,"14":0,"15":7,"16":1,"17":1,"18":20,"19":1,"20":1,"21":20,"22":1,"23":64},"f":{"0":7,"1":2,"2":2,"3":1,"4":1,"5":20,"6":1,"7":20,"8":64},"b":{"0":[0,7],"1":[2,5]},"_coverageSchema":"1a1c01bbd47fc00a2c39e90264f33305004495a9","hash":"bb244ce91015773542c77b1319f782fb16419e5d"}
,"C:\\Users\\Rahi Reyaz\\Desktop\\Code\\src\\components\\Cart.js": {"path":"C:\\Users\\Rahi Reyaz\\Desktop\\Code\\src\\components\\Cart.js","statementMap":{"0":{"start":{"line":5,"column":11},"end":{"line":31,"column":1}},"1":{"start":{"line":6,"column":22},"end":{"line":6,"column":60}},"2":{"start":{"line":6,"column":43},"end":{"line":6,"column":59}},"3":{"start":{"line":7,"column":4},"end":{"line":7,"column":27}},"4":{"start":{"line":10,"column":21},"end":{"line":10,"column":34}},"5":{"start":{"line":12,"column":28},"end":{"line":14,"column":5}},"6":{"start":{"line":13,"column":8},"end":{"line":13,"column":30}},"7":{"start":{"line":17,"column":4},"end":{"line":30,"column":5}}},"fnMap":{"0":{"name":"(anonymous_0)","decl":{"start":{"line":5,"column":11},"end":{"line":5,"column":12}},"loc":{"start":{"line":5,"column":16},"end":{"line":31,"column":1}},"line":5},"1":{"name":"(anonymous_1)","decl":{"start":{"line":6,"column":34},"end":{"line":6,"column":35}},"loc":{"start":{"line":6,"column":43},"end":{"line":6,"column":59}},"line":6},"2":{"name":"(anonymous_2)","decl":{"start":{"line":12,"column":28},"end":{"line":12,"column":29}},"loc":{"start":{"line":12,"column":32},"end":{"line":14,"column":5}},"line":12}},"branchMap":{"0":{"loc":{"start":{"line":25,"column":5},"end":{"line":25,"column":75}},"type":"binary-expr","locations":[{"start":{"line":25,"column":5},"end":{"line":25,"column":25}},{"start":{"line":25,"column":29},"end":{"line":25,"column":75}}],"line":25}},"s":{"0":1,"1":4,"2":8,"3":4,"4":4,"5":4,"6":1,"7":4},"f":{"0":4,"1":8,"2":1},"b":{"0":[4,2]},"_coverageSchema":"1a1c01bbd47fc00a2c39e90264f33305004495a9","hash":"698fcfb7c00e91789cc0eb72abb2a96dd1537e13"}
,"C:\\Users\\Rahi Reyaz\\Desktop\\Code\\src\\components\\Contact.js": {"path":"C:\\Users\\Rahi Reyaz\\Desktop\\Code\\src\\components\\Contact.js","statementMap":{"0":{"start":{"line":1,"column":16},"end":{"line":14,"column":1}},"1":{"start":{"line":2,"column":4},"end":{"line":13,"column":6}}},"fnMap":{"0":{"name":"(anonymous_0)","decl":{"start":{"line":1,"column":16},"end":{"line":1,"column":17}},"loc":{"start":{"line":1,"column":21},"end":{"line":14,"column":1}},"line":1}},"branchMap":{},"s":{"0":1,"1":4},"f":{"0":4},"b":{},"_coverageSchema":"1a1c01bbd47fc00a2c39e90264f33305004495a9","hash":"12e7ace95df4f5732370ec4326161dd205a4bdcd"}
,"C:\\Users\\Rahi Reyaz\\Desktop\\Code\\src\\components\\Header.js": {"path":"C:\\Users\\Rahi Reyaz\\Desktop\\Code\\src\\components\\Header.js","statementMap":{"0":{"start":{"line":9,"column":15},"end":{"line":79,"column":1}},"1":{"start":{"line":12,"column":42},"end":{"line":12,"column":59}},"2":{"start":{"line":15,"column":21},"end":{"line":15,"column":38}},"3":{"start":{"line":18,"column":24},"end":{"line":18,"column":47}},"4":{"start":{"line":20,"column":18},"end":{"line":20,"column":56}},"5":{"start":{"line":20,"column":39},"end":{"line":20,"column":55}},"6":{"start":{"line":22,"column":2},"end":{"line":22,"column":25}},"7":{"start":{"line":25,"column":2},"end":{"line":78,"column":4}},"8":{"start":{"line":66,"column":14},"end":{"line":68,"column":43}}},"fnMap":{"0":{"name":"(anonymous_0)","decl":{"start":{"line":9,"column":15},"end":{"line":9,"column":16}},"loc":{"start":{"line":9,"column":21},"end":{"line":79,"column":1}},"line":9},"1":{"name":"(anonymous_1)","decl":{"start":{"line":20,"column":30},"end":{"line":20,"column":31}},"loc":{"start":{"line":20,"column":39},"end":{"line":20,"column":55}},"line":20},"2":{"name":"(anonymous_2)","decl":{"start":{"line":64,"column":21},"end":{"line":64,"column":22}},"loc":{"start":{"line":64,"column":27},"end":{"line":70,"column":13}},"line":64}},"branchMap":{"0":{"loc":{"start":{"line":36,"column":47},"end":{"line":36,"column":71}},"type":"cond-expr","locations":[{"start":{"line":36,"column":62},"end":{"line":36,"column":65}},{"start":{"line":36,"column":68},"end":{"line":36,"column":71}}],"line":36},"1":{"loc":{"start":{"line":66,"column":14},"end":{"line":68,"column":42}},"type":"cond-expr","locations":[{"start":{"line":67,"column":18},"end":{"line":67,"column":43}},{"start":{"line":68,"column":18},"end":{"line":68,"column":42}}],"line":66}},"s":{"0":2,"1":8,"2":8,"3":8,"4":8,"5":15,"6":8,"7":8,"8":1},"f":{"0":8,"1":15,"2":1},"b":{"0":[8,0],"1":[1,0]},"_coverageSchema":"1a1c01bbd47fc00a2c39e90264f33305004495a9","hash":"0636c9909015bdc0601de2695228d58104af3393"}
,"C:\\Users\\Rahi Reyaz\\Desktop\\Code\\src\\components\\ItemList.js": {"path":"C:\\Users\\Rahi Reyaz\\Desktop\\Code\\src\\components\\ItemList.js","statementMap":{"0":{"start":{"line":5,"column":17},"end":{"line":55,"column":1}},"1":{"start":{"line":7,"column":22},"end":{"line":7,"column":35}},"2":{"start":{"line":10,"column":27},"end":{"line":13,"column":8}},"3":{"start":{"line":12,"column":8},"end":{"line":12,"column":31}},"4":{"start":{"line":16,"column":4},"end":{"line":54,"column":4}},"5":{"start":{"line":20,"column":8},"end":{"line":51,"column":14}},"6":{"start":{"line":41,"column":20},"end":{"line":41,"column":39}}},"fnMap":{"0":{"name":"(anonymous_0)","decl":{"start":{"line":5,"column":17},"end":{"line":5,"column":18}},"loc":{"start":{"line":5,"column":39},"end":{"line":55,"column":1}},"line":5},"1":{"name":"(anonymous_1)","decl":{"start":{"line":10,"column":27},"end":{"line":10,"column":28}},"loc":{"start":{"line":10,"column":35},"end":{"line":13,"column":8}},"line":10},"2":{"name":"(anonymous_2)","decl":{"start":{"line":19,"column":17},"end":{"line":19,"column":18}},"loc":{"start":{"line":20,"column":8},"end":{"line":51,"column":14}},"line":20},"3":{"name":"(anonymous_3)","decl":{"start":{"line":41,"column":16},"end":{"line":41,"column":17}},"loc":{"start":{"line":41,"column":20},"end":{"line":41,"column":39}},"line":41}},"branchMap":{"0":{"loc":{"start":{"line":30,"column":17},"end":{"line":32,"column":53}},"type":"cond-expr","locations":[{"start":{"line":31,"column":20},"end":{"line":31,"column":46}},{"start":{"line":32,"column":20},"end":{"line":32,"column":53}}],"line":30}},"s":{"0":1,"1":5,"2":5,"3":2,"4":5,"5":23,"6":2},"f":{"0":5,"1":2,"2":23,"3":2},"b":{"0":[12,11]},"_coverageSchema":"1a1c01bbd47fc00a2c39e90264f33305004495a9","hash":"7df7d39fe39e50c2af27c1befdffc9cca5765981"}
,"C:\\Users\\Rahi Reyaz\\Desktop\\Code\\src\\components\\RestaurantCard.js": {"path":"C:\\Users\\Rahi Reyaz\\Desktop\\Code\\src\\components\\RestaurantCard.js","statementMap":{"0":{"start":{"line":3,"column":23},"end":{"line":44,"column":1}},"1":{"start":{"line":4,"column":22},"end":{"line":4,"column":27}},"2":{"start":{"line":5,"column":2},"end":{"line":5,"column":23}},"3":{"start":{"line":13,"column":6},"end":{"line":13,"column":19}},"4":{"start":{"line":15,"column":2},"end":{"line":43,"column":4}}},"fnMap":{"0":{"name":"(anonymous_0)","decl":{"start":{"line":3,"column":23},"end":{"line":3,"column":24}},"loc":{"start":{"line":3,"column":34},"end":{"line":44,"column":1}},"line":3}},"branchMap":{},"s":{"0":2,"1":65,"2":65,"3":65,"4":65},"f":{"0":65},"b":{},"_coverageSchema":"1a1c01bbd47fc00a2c39e90264f33305004495a9","hash":"f037c87309a55829d207dad8422d66afd1e254e0"}
,"C:\\Users\\Rahi Reyaz\\Desktop\\Code\\src\\components\\RestaurantCategory.js": {"path":"C:\\Users\\Rahi Reyaz\\Desktop\\Code\\src\\components\\RestaurantCategory.js","statementMap":{"0":{"start":{"line":3,"column":27},"end":{"line":27,"column":1}},"1":{"start":{"line":4,"column":22},"end":{"line":6,"column":3}},"2":{"start":{"line":5,"column":4},"end":{"line":5,"column":19}},"3":{"start":{"line":8,"column":2},"end":{"line":26,"column":4}}},"fnMap":{"0":{"name":"(anonymous_0)","decl":{"start":{"line":3,"column":27},"end":{"line":3,"column":28}},"loc":{"start":{"line":3,"column":73},"end":{"line":27,"column":1}},"line":3},"1":{"name":"(anonymous_1)","decl":{"start":{"line":4,"column":22},"end":{"line":4,"column":23}},"loc":{"start":{"line":4,"column":28},"end":{"line":6,"column":3}},"line":4}},"branchMap":{"0":{"loc":{"start":{"line":23,"column":9},"end":{"line":23,"column":71}},"type":"binary-expr","locations":[{"start":{"line":23,"column":9},"end":{"line":23,"column":18}},{"start":{"line":23,"column":22},"end":{"line":23,"column":71}}],"line":23}},"s":{"0":1,"1":16,"2":1,"3":16},"f":{"0":16,"1":1},"b":{"0":[16,1]},"_coverageSchema":"1a1c01bbd47fc00a2c39e90264f33305004495a9","hash":"642efa9ee8c77ce682c497c2ff7ad09cbcb4d754"}
,"C:\\Users\\Rahi Reyaz\\Desktop\\Code\\src\\components\\RestaurantMenu.js": {"path":"C:\\Users\\Rahi Reyaz\\Desktop\\Code\\src\\components\\RestaurantMenu.js","statementMap":{"0":{"start":{"line":8,"column":22},"end":{"line":56,"column":3}},"1":{"start":{"line":9,"column":24},"end":{"line":9,"column":35}},"2":{"start":{"line":11,"column":22},"end":{"line":11,"column":34}},"3":{"start":{"line":13,"column":23},"end":{"line":13,"column":47}},"4":{"start":{"line":15,"column":41},"end":{"line":15,"column":55}},"5":{"start":{"line":18,"column":25},"end":{"line":18,"column":69}},"6":{"start":{"line":20,"column":21},"end":{"line":20,"column":62}},"7":{"start":{"line":24,"column":35},"end":{"line":24,"column":132}},"8":{"start":{"line":26,"column":8},"end":{"line":26,"column":49}},"9":{"start":{"line":26,"column":28},"end":{"line":26,"column":49}},"10":{"start":{"line":28,"column":26},"end":{"line":28,"column":100}},"11":{"start":{"line":30,"column":26},"end":{"line":31,"column":70}},"12":{"start":{"line":30,"column":97},"end":{"line":31,"column":69}},"13":{"start":{"line":33,"column":4},"end":{"line":33,"column":51}},"14":{"start":{"line":37,"column":4},"end":{"line":55,"column":6}},"15":{"start":{"line":46,"column":10},"end":{"line":52,"column":12}},"16":{"start":{"line":50,"column":32},"end":{"line":50,"column":51}}},"fnMap":{"0":{"name":"(anonymous_0)","decl":{"start":{"line":8,"column":22},"end":{"line":8,"column":23}},"loc":{"start":{"line":8,"column":27},"end":{"line":56,"column":3}},"line":8},"1":{"name":"(anonymous_1)","decl":{"start":{"line":30,"column":94},"end":{"line":30,"column":95}},"loc":{"start":{"line":30,"column":97},"end":{"line":31,"column":69}},"line":30},"2":{"name":"(anonymous_2)","decl":{"start":{"line":44,"column":24},"end":{"line":44,"column":25}},"loc":{"start":{"line":46,"column":10},"end":{"line":52,"column":12}},"line":46},"3":{"name":"(anonymous_3)","decl":{"start":{"line":50,"column":26},"end":{"line":50,"column":27}},"loc":{"start":{"line":50,"column":32},"end":{"line":50,"column":51}},"line":50}},"branchMap":{"0":{"loc":{"start":{"line":26,"column":8},"end":{"line":26,"column":49}},"type":"if","locations":[{"start":{"line":26,"column":8},"end":{"line":26,"column":49}},{"start":{},"end":{}}],"line":26},"1":{"loc":{"start":{"line":49,"column":23},"end":{"line":49,"column":57}},"type":"cond-expr","locations":[{"start":{"line":49,"column":45},"end":{"line":49,"column":49}},{"start":{"line":49,"column":52},"end":{"line":49,"column":57}}],"line":49}},"s":{"0":1,"1":3,"2":3,"3":3,"4":3,"5":3,"6":3,"7":3,"8":3,"9":1,"10":2,"11":2,"12":28,"13":2,"14":2,"15":16,"16":1},"f":{"0":3,"1":28,"2":16,"3":1},"b":{"0":[1,2],"1":[1,15]},"_coverageSchema":"1a1c01bbd47fc00a2c39e90264f33305004495a9","hash":"a757ec46c9c3d50fe9f2c81b92bbbc8c510b7694"}
,"C:\\Users\\Rahi Reyaz\\Desktop\\Code\\src\\components\\Shimmer.js": {"path":"C:\\Users\\Rahi Reyaz\\Desktop\\Code\\src\\components\\Shimmer.js","statementMap":{"0":{"start":{"line":1,"column":16},"end":{"line":30,"column":3}},"1":{"start":{"line":2,"column":4},"end":{"line":29,"column":6}}},"fnMap":{"0":{"name":"(anonymous_0)","decl":{"start":{"line":1,"column":16},"end":{"line":1,"column":17}},"loc":{"start":{"line":1,"column":22},"end":{"line":30,"column":3}},"line":1}},"branchMap":{},"s":{"0":2,"1":3},"f":{"0":3},"b":{},"_coverageSchema":"1a1c01bbd47fc00a2c39e90264f33305004495a9","hash":"b0be929ca9a63f1023b741b8b7863a23964c56ea"}
,"C:\\Users\\Rahi Reyaz\\Desktop\\Code\\src\\utils\\UserContext.js": {"path":"C:\\Users\\Rahi Reyaz\\Desktop\\Code\\src\\utils\\UserContext.js","statementMap":{"0":{"start":{"line":3,"column":20},"end":{"line":7,"column":2}}},"fnMap":{},"branchMap":{},"s":{"0":2},"f":{},"b":{},"_coverageSchema":"1a1c01bbd47fc00a2c39e90264f33305004495a9","hash":"15fe6ab58f16ddc02257a3d55ac4435487974df6"}
,"C:\\Users\\Rahi Reyaz\\Desktop\\Code\\src\\utils\\appStore.js": {"path":"C:\\Users\\Rahi Reyaz\\Desktop\\Code\\src\\utils\\appStore.js","statementMap":{"0":{"start":{"line":5,"column":17},"end":{"line":9,"column":2}}},"fnMap":{},"branchMap":{},"s":{"0":2},"f":{},"b":{},"_coverageSchema":"1a1c01bbd47fc00a2c39e90264f33305004495a9","hash":"b3aa78cfc91bcfa73167e72ab66b483db96b3f0c"}
,"C:\\Users\\Rahi Reyaz\\Desktop\\Code\\src\\utils\\cartSlice.js": {"path":"C:\\Users\\Rahi Reyaz\\Desktop\\Code\\src\\utils\\cartSlice.js","statementMap":{"0":{"start":{"line":3,"column":17},"end":{"line":20,"column":2}},"1":{"start":{"line":10,"column":12},"end":{"line":10,"column":45}},"2":{"start":{"line":13,"column":12},"end":{"line":13,"column":30}},"3":{"start":{"line":16,"column":12},"end":{"line":16,"column":33}},"4":{"start":{"line":24,"column":43},"end":{"line":24,"column":60}}},"fnMap":{"0":{"name":"(anonymous_0)","decl":{"start":{"line":9,"column":16},"end":{"line":9,"column":17}},"loc":{"start":{"line":9,"column":32},"end":{"line":11,"column":9}},"line":9},"1":{"name":"(anonymous_1)","decl":{"start":{"line":12,"column":20},"end":{"line":12,"column":21}},"loc":{"start":{"line":12,"column":29},"end":{"line":14,"column":9}},"line":12},"2":{"name":"(anonymous_2)","decl":{"start":{"line":15,"column":19},"end":{"line":15,"column":20}},"loc":{"start":{"line":15,"column":28},"end":{"line":17,"column":9}},"line":15}},"branchMap":{},"s":{"0":2,"1":2,"2":0,"3":1,"4":2},"f":{"0":2,"1":0,"2":1},"b":{},"_coverageSchema":"1a1c01bbd47fc00a2c39e90264f33305004495a9","hash":"90ac9080644e63eb3ac954707752735cf1d32904"}
,"C:\\Users\\Rahi Reyaz\\Desktop\\Code\\src\\utils\\constants.js": {"path":"C:\\Users\\Rahi Reyaz\\Desktop\\Code\\src\\utils\\constants.js","statementMap":{"0":{"start":{"line":1,"column":22},"end":{"line":1,"column":105}},"1":{"start":{"line":3,"column":22},"end":{"line":3,"column":79}},"2":{"start":{"line":6,"column":23},"end":{"line":6,"column":153}}},"fnMap":{},"branchMap":{},"s":{"0":4,"1":4,"2":4},"f":{},"b":{},"_coverageSchema":"1a1c01bbd47fc00a2c39e90264f33305004495a9","hash":"be1e4be6b3270213d87aeb3c424dffd5ca73ac66"}
,"C:\\Users\\Rahi Reyaz\\Desktop\\Code\\src\\utils\\useOnlineStatus.js": {"path":"C:\\Users\\Rahi Reyaz\\Desktop\\Code\\src\\utils\\useOnlineStatus.js","statementMap":{"0":{"start":{"line":2,"column":23},"end":{"line":21,"column":1}},"1":{"start":{"line":4,"column":43},"end":{"line":4,"column":57}},"2":{"start":{"line":6,"column":4},"end":{"line":17,"column":13}},"3":{"start":{"line":7,"column":8},"end":{"line":11,"column":10}},"4":{"start":{"line":9,"column":16},"end":{"line":9,"column":39}},"5":{"start":{"line":12,"column":8},"end":{"line":16,"column":10}},"6":{"start":{"line":14,"column":16},"end":{"line":14,"column":38}},"7":{"start":{"line":18,"column":4},"end":{"line":18,"column":24}}},"fnMap":{"0":{"name":"(anonymous_0)","decl":{"start":{"line":2,"column":23},"end":{"line":2,"column":24}},"loc":{"start":{"line":2,"column":28},"end":{"line":21,"column":1}},"line":2},"1":{"name":"(anonymous_1)","decl":{"start":{"line":6,"column":14},"end":{"line":6,"column":15}},"loc":{"start":{"line":6,"column":18},"end":{"line":17,"column":5}},"line":6},"2":{"name":"(anonymous_2)","decl":{"start":{"line":8,"column":12},"end":{"line":8,"column":13}},"loc":{"start":{"line":8,"column":16},"end":{"line":10,"column":13}},"line":8},"3":{"name":"(anonymous_3)","decl":{"start":{"line":13,"column":12},"end":{"line":13,"column":13}},"loc":{"start":{"line":13,"column":16},"end":{"line":15,"column":13}},"line":13}},"branchMap":{},"s":{"0":3,"1":15,"2":15,"3":6,"4":0,"5":6,"6":0,"7":15},"f":{"0":15,"1":6,"2":0,"3":0},"b":{},"_coverageSchema":"1a1c01bbd47fc00a2c39e90264f33305004495a9","hash":"0e7796d79e21848311bd0f6f14b874080d9c74f2"}
,"C:\\Users\\Rahi Reyaz\\Desktop\\Code\\src\\utils\\useRestaurantMenu.js": {"path":"C:\\Users\\Rahi Reyaz\\Desktop\\Code\\src\\utils\\useRestaurantMenu.js","statementMap":{"0":{"start":{"line":4,"column":25},"end":{"line":24,"column":1}},"1":{"start":{"line":6,"column":34},"end":{"line":6,"column":48}},"2":{"start":{"line":9,"column":4},"end":{"line":12,"column":10}},"3":{"start":{"line":10,"column":8},"end":{"line":10,"column":20}},"4":{"start":{"line":14,"column":22},"end":{"line":21,"column":5}},"5":{"start":{"line":15,"column":21},"end":{"line":15,"column":50}},"6":{"start":{"line":17,"column":20},"end":{"line":17,"column":37}},"7":{"start":{"line":19,"column":8},"end":{"line":19,"column":30}},"8":{"start":{"line":23,"column":4},"end":{"line":23,"column":19}}},"fnMap":{"0":{"name":"(anonymous_0)","decl":{"start":{"line":4,"column":25},"end":{"line":4,"column":26}},"loc":{"start":{"line":4,"column":36},"end":{"line":24,"column":1}},"line":4},"1":{"name":"(anonymous_1)","decl":{"start":{"line":9,"column":14},"end":{"line":9,"column":15}},"loc":{"start":{"line":9,"column":18},"end":{"line":12,"column":5}},"line":9},"2":{"name":"(anonymous_2)","decl":{"start":{"line":14,"column":22},"end":{"line":14,"column":23}},"loc":{"start":{"line":14,"column":33},"end":{"line":21,"column":5}},"line":14}},"branchMap":{},"s":{"0":1,"1":3,"2":3,"3":1,"4":3,"5":1,"6":1,"7":1,"8":3},"f":{"0":3,"1":1,"2":1},"b":{},"_coverageSchema":"1a1c01bbd47fc00a2c39e90264f33305004495a9","hash":"6d4e84be09d24b7c84568e092f910bb624cdfa1c"}
}
