TN:
SF:src\components\Body.js
FN:8,(anonymous_0)
FN:16,(anonymous_1)
FN:20,(anonymous_2)
FN:51,(anonymous_3)
FN:57,(anonymous_4)
FN:62,(anonymous_5)
FN:75,(anonymous_6)
FN:78,(anonymous_7)
FN:92,(anonymous_8)
FNF:9
FNH:9
FNDA:7,(anonymous_0)
FNDA:2,(anonymous_1)
FNDA:2,(anonymous_2)
FNDA:1,(anonymous_3)
FNDA:1,(anonymous_4)
FNDA:20,(anonymous_5)
FNDA:1,(anonymous_6)
FNDA:20,(anonymous_7)
FNDA:64,(anonymous_8)
DA:8,1
DA:10,7
DA:11,7
DA:13,7
DA:15,7
DA:16,7
DA:17,2
DA:20,7
DA:21,2
DA:24,2
DA:26,2
DA:27,2
DA:30,7
DA:31,7
DA:32,0
DA:38,7
DA:52,1
DA:62,1
DA:63,20
DA:66,1
DA:77,1
DA:78,20
DA:81,1
DA:93,64
LF:24
LH:23
BRDA:31,0,0,0
BRDA:31,0,1,7
BRDA:38,1,0,2
BRDA:38,1,1,5
BRF:4
BRH:3
end_of_record
TN:
SF:src\components\Cart.js
FN:5,(anonymous_0)
FN:6,(anonymous_1)
FN:12,(anonymous_2)
FNF:3
FNH:3
FNDA:4,(anonymous_0)
FNDA:8,(anonymous_1)
FNDA:1,(anonymous_2)
DA:5,1
DA:6,8
DA:7,4
DA:10,4
DA:12,4
DA:13,1
DA:17,4
LF:7
LH:7
BRDA:25,0,0,4
BRDA:25,0,1,2
BRF:2
BRH:2
end_of_record
TN:
SF:src\components\Contact.js
FN:1,(anonymous_0)
FNF:1
FNH:1
FNDA:4,(anonymous_0)
DA:1,1
DA:2,4
LF:2
LH:2
BRF:0
BRH:0
end_of_record
TN:
SF:src\components\Header.js
FN:9,(anonymous_0)
FN:20,(anonymous_1)
FN:64,(anonymous_2)
FNF:3
FNH:3
FNDA:8,(anonymous_0)
FNDA:15,(anonymous_1)
FNDA:1,(anonymous_2)
DA:9,2
DA:12,8
DA:15,8
DA:18,8
DA:20,15
DA:22,8
DA:25,8
DA:66,1
LF:8
LH:8
BRDA:36,0,0,8
BRDA:36,0,1,0
BRDA:66,1,0,1
BRDA:66,1,1,0
BRF:4
BRH:2
end_of_record
TN:
SF:src\components\ItemList.js
FN:5,(anonymous_0)
FN:10,(anonymous_1)
FN:19,(anonymous_2)
FN:41,(anonymous_3)
FNF:4
FNH:4
FNDA:5,(anonymous_0)
FNDA:2,(anonymous_1)
FNDA:23,(anonymous_2)
FNDA:2,(anonymous_3)
DA:5,1
DA:7,5
DA:10,5
DA:12,2
DA:16,5
DA:20,23
DA:41,2
LF:7
LH:7
BRDA:30,0,0,12
BRDA:30,0,1,11
BRF:2
BRH:2
end_of_record
TN:
SF:src\components\RestaurantCard.js
FN:3,(anonymous_0)
FNF:1
FNH:1
FNDA:65,(anonymous_0)
DA:3,2
DA:4,65
DA:5,65
DA:13,65
DA:15,65
LF:5
LH:5
BRF:0
BRH:0
end_of_record
TN:
SF:src\components\RestaurantCategory.js
FN:3,(anonymous_0)
FN:4,(anonymous_1)
FNF:2
FNH:2
FNDA:16,(anonymous_0)
FNDA:1,(anonymous_1)
DA:3,1
DA:4,16
DA:5,1
DA:8,16
LF:4
LH:4
BRDA:23,0,0,16
BRDA:23,0,1,1
BRF:2
BRH:2
end_of_record
TN:
SF:src\components\RestaurantMenu.js
FN:8,(anonymous_0)
FN:30,(anonymous_1)
FN:44,(anonymous_2)
FN:50,(anonymous_3)
FNF:4
FNH:4
FNDA:3,(anonymous_0)
FNDA:28,(anonymous_1)
FNDA:16,(anonymous_2)
FNDA:1,(anonymous_3)
DA:8,1
DA:9,3
DA:11,3
DA:13,3
DA:15,3
DA:18,3
DA:20,3
DA:24,3
DA:26,3
DA:28,2
DA:30,28
DA:33,2
DA:37,2
DA:46,16
DA:50,1
LF:15
LH:15
BRDA:26,0,0,1
BRDA:26,0,1,2
BRDA:49,1,0,1
BRDA:49,1,1,15
BRF:4
BRH:4
end_of_record
TN:
SF:src\components\Shimmer.js
FN:1,(anonymous_0)
FNF:1
FNH:1
FNDA:3,(anonymous_0)
DA:1,2
DA:2,3
LF:2
LH:2
BRF:0
BRH:0
end_of_record
TN:
SF:src\utils\UserContext.js
FNF:0
FNH:0
DA:3,2
LF:1
LH:1
BRF:0
BRH:0
end_of_record
TN:
SF:src\utils\appStore.js
FNF:0
FNH:0
DA:5,2
LF:1
LH:1
BRF:0
BRH:0
end_of_record
TN:
SF:src\utils\cartSlice.js
FN:9,(anonymous_0)
FN:12,(anonymous_1)
FN:15,(anonymous_2)
FNF:3
FNH:2
FNDA:2,(anonymous_0)
FNDA:0,(anonymous_1)
FNDA:1,(anonymous_2)
DA:3,2
DA:10,2
DA:13,0
DA:16,1
DA:24,2
LF:5
LH:4
BRF:0
BRH:0
end_of_record
TN:
SF:src\utils\constants.js
FNF:0
FNH:0
DA:1,4
DA:3,4
DA:6,4
LF:3
LH:3
BRF:0
BRH:0
end_of_record
TN:
SF:src\utils\useOnlineStatus.js
FN:2,(anonymous_0)
FN:6,(anonymous_1)
FN:8,(anonymous_2)
FN:13,(anonymous_3)
FNF:4
FNH:2
FNDA:15,(anonymous_0)
FNDA:6,(anonymous_1)
FNDA:0,(anonymous_2)
FNDA:0,(anonymous_3)
DA:2,3
DA:4,15
DA:6,15
DA:7,6
DA:9,0
DA:12,6
DA:14,0
DA:18,15
LF:8
LH:6
BRF:0
BRH:0
end_of_record
TN:
SF:src\utils\useRestaurantMenu.js
FN:4,(anonymous_0)
FN:9,(anonymous_1)
FN:14,(anonymous_2)
FNF:3
FNH:3
FNDA:3,(anonymous_0)
FNDA:1,(anonymous_1)
FNDA:1,(anonymous_2)
DA:4,1
DA:6,3
DA:9,3
DA:10,1
DA:14,3
DA:15,1
DA:17,1
DA:19,1
DA:23,3
LF:9
LH:9
BRF:0
BRH:0
end_of_record
